<?xml version="1.0" encoding="UTF-8"?>
<testng-results ignored="0" total="1" passed="1" failed="0" skipped="0">
  <reporter-output>
  </reporter-output>
  <suite started-at="2022-12-12T21:30:25 MSK" name="Surefire suite" finished-at="2022-12-12T21:30:36 MSK" duration-ms="10163">
    <groups>
    </groups>
    <test started-at="2022-12-12T21:30:25 MSK" name="Surefire test" finished-at="2022-12-12T21:30:36 MSK" duration-ms="10163">
      <class name="TestFindFanFiction">
        <test-method is-config="true" signature="browserSetup()[pri:0, instance:TestFindFanFiction@62fdb4a6]" started-at="2022-12-12T21:30:26 MSK" name="browserSetup" finished-at="2022-12-12T21:30:27 MSK" duration-ms="1662" status="PASS">
          <reporter-output>
          </reporter-output>
        </test-method> <!-- browserSetup -->
        <test-method signature="FindAllCompletedFanFiction()[pri:0, instance:TestFindFanFiction@62fdb4a6]" started-at="2022-12-12T21:30:27 MSK" name="FindAllCompletedFanFiction" finished-at="2022-12-12T21:30:36 MSK" duration-ms="8482" status="PASS">
          <reporter-output>
          </reporter-output>
        </test-method> <!-- FindAllCompletedFanFiction -->
        <test-method is-config="true" signature="browserTearDown()[pri:0, instance:TestFindFanFiction@62fdb4a6]" started-at="2022-12-12T21:30:36 MSK" name="browserTearDown" finished-at="2022-12-12T21:30:36 MSK" duration-ms="0" status="PASS">
          <reporter-output>
          </reporter-output>
        </test-method> <!-- browserTearDown -->
      </class> <!-- TestFindFanFiction -->
    </test> <!-- Surefire test -->
  </suite> <!-- Surefire suite -->
</testng-results>
