<?xml version="1.0" encoding="UTF-8"?>
<testng-results ignored="0" total="1" passed="1" failed="0" skipped="0">
  <reporter-output>
  </reporter-output>
  <suite started-at="2022-12-01T09:17:49 MSK" name="Command line suite" finished-at="2022-12-01T09:18:58 MSK" duration-ms="68308">
    <groups>
    </groups>
    <test started-at="2022-12-01T09:17:49 MSK" name="Command line test" finished-at="2022-12-01T09:18:58 MSK" duration-ms="68308">
      <class name="test.FanficTest">
        <test-method is-config="true" signature="setUp()[pri:0, instance:test.FanficTest@55a1c291]" started-at="2022-12-01T09:17:50 MSK" name="setUp" finished-at="2022-12-01T09:17:54 MSK" duration-ms="4483" status="PASS">
          <reporter-output>
          </reporter-output>
        </test-method> <!-- setUp -->
        <test-method signature="logInYourAccount()[pri:0, instance:test.FanficTest@55a1c291]" started-at="2022-12-01T09:17:54 MSK" name="logInYourAccount" finished-at="2022-12-01T09:18:57 MSK" duration-ms="63173" status="PASS">
          <reporter-output>
          </reporter-output>
        </test-method> <!-- logInYourAccount -->
        <test-method is-config="true" signature="stopBrowser()[pri:0, instance:test.FanficTest@55a1c291]" started-at="2022-12-01T09:18:57 MSK" name="stopBrowser" finished-at="2022-12-01T09:18:58 MSK" duration-ms="574" status="PASS">
          <reporter-output>
          </reporter-output>
        </test-method> <!-- stopBrowser -->
      </class> <!-- test.FanficTest -->
    </test> <!-- Command line test -->
  </suite> <!-- Command line suite -->
</testng-results>
